<?xml version="1.0" encoding="UTF-8"?>
<testng-results skipped="0" failed="0" ignored="0" total="1" passed="1">
  <reporter-output>
  </reporter-output>
  <suite name="Suite" duration-ms="9555" started-at="2020-04-11T13:57:28 EDT" finished-at="2020-04-11T13:57:37 EDT">
    <groups>
    </groups>
    <test name="Test" duration-ms="9555" started-at="2020-04-11T13:57:28 EDT" finished-at="2020-04-11T13:57:37 EDT">
      <class name="TestNG_Demo.GithubLogin">
        <test-method status="PASS" signature="InitiateBrowser()[pri:0, instance:TestNG_Demo.GithubLogin@43814d18]" name="InitiateBrowser" is-config="true" duration-ms="5933" started-at="2020-04-11T13:57:22 EDT" finished-at="2020-04-11T13:57:28 EDT">
          <reporter-output>
          </reporter-output>
        </test-method> <!-- InitiateBrowser -->
        <test-method status="PASS" signature="openAUT()[pri:0, instance:TestNG_Demo.GithubLogin@43814d18]" name="openAUT" is-config="true" duration-ms="1220" started-at="2020-04-11T13:57:28 EDT" finished-at="2020-04-11T13:57:29 EDT">
          <reporter-output>
          </reporter-output>
        </test-method> <!-- openAUT -->
        <test-method status="PASS" signature="Login()[pri:0, instance:TestNG_Demo.GithubLogin@43814d18]" name="Login" duration-ms="5288" started-at="2020-04-11T13:57:29 EDT" finished-at="2020-04-11T13:57:34 EDT">
          <reporter-output>
          </reporter-output>
        </test-method> <!-- Login -->
        <test-method status="PASS" signature="Logout()[pri:0, instance:TestNG_Demo.GithubLogin@43814d18]" name="Logout" is-config="true" duration-ms="3025" started-at="2020-04-11T13:57:34 EDT" finished-at="2020-04-11T13:57:37 EDT">
          <reporter-output>
          </reporter-output>
        </test-method> <!-- Logout -->
        <test-method status="PASS" signature="CloseTestCase()[pri:0, instance:TestNG_Demo.GithubLogin@43814d18]" name="CloseTestCase" is-config="true" duration-ms="3000" started-at="2020-04-11T13:57:37 EDT" finished-at="2020-04-11T13:57:40 EDT">
          <reporter-output>
          </reporter-output>
        </test-method> <!-- CloseTestCase -->
      </class> <!-- TestNG_Demo.GithubLogin -->
    </test> <!-- Test -->
  </suite> <!-- Suite -->
</testng-results>
